[2024-12-27 07:33:55 +0100] [20623] [INFO] Starting gunicorn 20.1.0
[2024-12-27 07:33:55 +0100] [20623] [INFO] Listening at: http://0.0.0.0:8000 (20623)
[2024-12-27 07:33:55 +0100] [20623] [INFO] Using worker: sync
[2024-12-27 07:33:55 +0100] [20624] [INFO] Booting worker with pid: 20624
[2024-12-27 07:35:32 +0100] [20623] [INFO] Handling signal: int
[2024-12-27 07:35:33 +0100] [20624] [INFO] Worker exiting (pid: 20624)
[2024-12-27 07:35:33 +0100] [20623] [INFO] Shutting down: Master
[2024-12-27 07:35:51 +0100] [21118] [INFO] Starting gunicorn 20.1.0
[2024-12-27 07:35:51 +0100] [21118] [INFO] Listening at: http://0.0.0.0:8000 (21118)
[2024-12-27 07:35:51 +0100] [21118] [INFO] Using worker: sync
[2024-12-27 07:35:51 +0100] [21119] [INFO] Booting worker with pid: 21119
[2024-12-27 07:37:50 +0100] [21118] [INFO] Handling signal: winch
[2024-12-27 07:37:50 +0100] [21118] [INFO] Handling signal: winch
[2024-12-27 07:37:50 +0100] [21118] [INFO] Handling signal: winch
[2024-12-27 07:37:51 +0100] [21118] [INFO] Handling signal: winch
[2024-12-27 07:37:51 +0100] [21118] [INFO] Handling signal: winch
[2024-12-27 07:37:53 +0100] [21118] [INFO] Handling signal: winch
[2024-12-27 07:37:53 +0100] [21118] [INFO] Handling signal: winch
[2024-12-27 07:37:53 +0100] [21118] [INFO] Handling signal: winch
[2024-12-27 07:37:53 +0100] [21118] [INFO] Handling signal: winch
[2024-12-27 07:37:53 +0100] [21118] [INFO] Handling signal: winch
[2024-12-27 07:38:11 +0100] [21118] [INFO] Handling signal: winch
[2024-12-27 07:38:11 +0100] [21118] [INFO] Handling signal: winch
[2024-12-27 07:38:11 +0100] [21118] [INFO] Handling signal: winch
[2024-12-27 07:38:11 +0100] [21118] [INFO] Handling signal: winch
[2024-12-27 07:38:11 +0100] [21118] [INFO] Handling signal: winch
[2024-12-27 07:38:11 +0100] [21118] [INFO] Handling signal: winch
[2024-12-27 07:38:12 +0100] [21118] [INFO] Handling signal: winch
[2024-12-27 07:38:12 +0100] [21118] [INFO] Handling signal: winch
[2024-12-27 07:38:12 +0100] [21118] [INFO] Handling signal: winch
[2024-12-27 07:38:12 +0100] [21118] [INFO] Handling signal: winch
[2024-12-27 07:38:12 +0100] [21118] [INFO] Handling signal: winch
[2024-12-27 07:38:12 +0100] [21118] [INFO] Handling signal: winch
[2024-12-27 07:38:12 +0100] [21118] [INFO] Handling signal: winch
[2024-12-27 07:38:12 +0100] [21118] [INFO] Handling signal: winch
[2024-12-27 07:38:12 +0100] [21118] [INFO] Handling signal: winch
[2024-12-27 07:38:15 +0100] [21118] [INFO] Handling signal: int
[2024-12-27 07:38:15 +0100] [21119] [INFO] Worker exiting (pid: 21119)
[2024-12-27 07:38:15 +0100] [21118] [INFO] Shutting down: Master
[2024-12-27 07:38:28 +0100] [21828] [INFO] Starting gunicorn 20.1.0
[2024-12-27 07:38:28 +0100] [21828] [INFO] Listening at: http://0.0.0.0:8005 (21828)
[2024-12-27 07:38:28 +0100] [21828] [INFO] Using worker: sync
[2024-12-27 07:38:28 +0100] [21829] [INFO] Booting worker with pid: 21829
[2024-12-27 07:38:43 +0100] [21828] [INFO] Handling signal: winch
[2024-12-27 07:38:43 +0100] [21828] [INFO] Handling signal: winch
[2024-12-27 07:38:43 +0100] [21828] [INFO] Handling signal: winch
[2024-12-27 07:38:43 +0100] [21828] [INFO] Handling signal: winch
[2024-12-27 07:38:43 +0100] [21828] [INFO] Handling signal: winch
[2024-12-27 07:38:43 +0100] [21828] [INFO] Handling signal: winch
[2024-12-27 07:38:43 +0100] [21828] [INFO] Handling signal: winch
[2024-12-27 07:38:43 +0100] [21828] [INFO] Handling signal: winch
[2024-12-27 07:38:43 +0100] [21828] [INFO] Handling signal: winch
[2024-12-27 07:38:43 +0100] [21828] [INFO] Handling signal: winch
[2024-12-27 07:39:37 +0100] [21828] [INFO] Handling signal: winch
[2024-12-27 07:39:43 +0100] [21828] [INFO] Handling signal: winch
[2024-12-27 07:40:41 +0100] [21828] [INFO] Handling signal: int
[2024-12-27 07:40:41 +0100] [21829] [INFO] Worker exiting (pid: 21829)
[2024-12-27 07:40:41 +0100] [21828] [INFO] Shutting down: Master
[2024-12-27 07:41:55 +0100] [22728] [INFO] Starting gunicorn 20.1.0
[2024-12-27 07:41:55 +0100] [22728] [INFO] Listening at: http://0.0.0.0:8005 (22728)
[2024-12-27 07:41:55 +0100] [22728] [INFO] Using worker: sync
[2024-12-27 07:41:55 +0100] [22729] [INFO] Booting worker with pid: 22729
[2024-12-27 07:42:54 +0100] [22728] [INFO] Handling signal: winch
[2024-12-27 07:43:45 +0100] [22728] [INFO] Handling signal: winch
[2024-12-27 07:43:45 +0100] [22728] [INFO] Handling signal: winch
[2024-12-27 07:43:45 +0100] [22728] [INFO] Handling signal: winch
[2024-12-27 07:43:46 +0100] [22728] [INFO] Handling signal: winch
[2024-12-27 07:43:46 +0100] [22728] [INFO] Handling signal: winch
[2024-12-27 07:43:46 +0100] [22728] [INFO] Handling signal: winch
[2024-12-27 07:44:49 +0100] [22728] [INFO] Handling signal: int
[2024-12-27 07:44:49 +0100] [22729] [INFO] Worker exiting (pid: 22729)
[2024-12-27 07:44:49 +0100] [22728] [INFO] Shutting down: Master
[2024-12-27 08:15:30 +0100] [36021] [INFO] Starting gunicorn 20.1.0
[2024-12-27 08:15:30 +0100] [36021] [INFO] Listening at: http://0.0.0.0:8005 (36021)
[2024-12-27 08:15:30 +0100] [36021] [INFO] Using worker: sync
[2024-12-27 08:15:30 +0100] [36022] [INFO] Booting worker with pid: 36022
[2024-12-27 08:15:31 +0100] [36022] [INFO] Worker exiting (pid: 36022)
[2024-12-27 08:15:31 +0100] [36021] [INFO] Shutting down: Master
[2024-12-27 08:15:31 +0100] [36021] [INFO] Reason: App failed to load.
[2024-12-27 08:15:51 +0100] [36144] [INFO] Starting gunicorn 20.1.0
[2024-12-27 08:15:51 +0100] [36144] [INFO] Listening at: http://0.0.0.0:8005 (36144)
[2024-12-27 08:15:51 +0100] [36144] [INFO] Using worker: sync
[2024-12-27 08:15:51 +0100] [36145] [INFO] Booting worker with pid: 36145
[2024-12-27 08:15:51 +0100] [36145] [INFO] Worker exiting (pid: 36145)
[2024-12-27 08:15:51 +0100] [36144] [INFO] Shutting down: Master
[2024-12-27 08:15:51 +0100] [36144] [INFO] Reason: App failed to load.
[2024-12-27 08:18:08 +0100] [36672] [INFO] Starting gunicorn 20.1.0
[2024-12-27 08:18:08 +0100] [36672] [INFO] Listening at: http://0.0.0.0:8005 (36672)
[2024-12-27 08:18:08 +0100] [36672] [INFO] Using worker: sync
[2024-12-27 08:18:08 +0100] [36673] [INFO] Booting worker with pid: 36673
[2024-12-27 08:18:38 +0100] [36672] [CRITICAL] WORKER TIMEOUT (pid:36673)
[2024-12-27 08:18:39 +0100] [36672] [WARNING] Worker with pid 36673 was terminated due to signal 9
[2024-12-27 08:18:39 +0100] [36775] [INFO] Booting worker with pid: 36775
[2024-12-27 08:19:09 +0100] [36672] [CRITICAL] WORKER TIMEOUT (pid:36775)
[2024-12-27 08:19:10 +0100] [36672] [WARNING] Worker with pid 36775 was terminated due to signal 9
[2024-12-27 08:19:10 +0100] [36916] [INFO] Booting worker with pid: 36916
[2024-12-27 08:19:41 +0100] [36672] [CRITICAL] WORKER TIMEOUT (pid:36916)
[2024-12-27 08:19:42 +0100] [36672] [WARNING] Worker with pid 36916 was terminated due to signal 9
[2024-12-27 08:19:42 +0100] [37032] [INFO] Booting worker with pid: 37032
[2024-12-27 08:20:13 +0100] [36672] [CRITICAL] WORKER TIMEOUT (pid:37032)
[2024-12-27 08:20:14 +0100] [36672] [WARNING] Worker with pid 37032 was terminated due to signal 9
[2024-12-27 08:20:14 +0100] [37156] [INFO] Booting worker with pid: 37156
[2024-12-27 08:20:46 +0100] [36672] [CRITICAL] WORKER TIMEOUT (pid:37156)
[2024-12-27 08:20:47 +0100] [36672] [WARNING] Worker with pid 37156 was terminated due to signal 9
[2024-12-27 08:20:47 +0100] [37277] [INFO] Booting worker with pid: 37277
[2024-12-27 08:21:17 +0100] [36672] [CRITICAL] WORKER TIMEOUT (pid:37277)
[2024-12-27 08:21:18 +0100] [36672] [WARNING] Worker with pid 37277 was terminated due to signal 9
[2024-12-27 08:21:18 +0100] [37400] [INFO] Booting worker with pid: 37400
[2024-12-27 08:21:49 +0100] [36672] [CRITICAL] WORKER TIMEOUT (pid:37400)
[2024-12-27 08:21:50 +0100] [36672] [WARNING] Worker with pid 37400 was terminated due to signal 9
[2024-12-27 08:21:50 +0100] [37500] [INFO] Booting worker with pid: 37500
[2024-12-27 08:22:36 +0100] [36672] [CRITICAL] WORKER TIMEOUT (pid:37500)
[2024-12-27 08:22:37 +0100] [36672] [WARNING] Worker with pid 37500 was terminated due to signal 9
[2024-12-27 08:22:37 +0100] [37680] [INFO] Booting worker with pid: 37680
[2024-12-27 08:23:08 +0100] [36672] [CRITICAL] WORKER TIMEOUT (pid:37680)
[2024-12-27 08:23:09 +0100] [36672] [WARNING] Worker with pid 37680 was terminated due to signal 9
[2024-12-27 08:23:09 +0100] [38414] [INFO] Booting worker with pid: 38414
[2024-12-27 08:24:05 +0100] [36672] [CRITICAL] WORKER TIMEOUT (pid:38414)
[2024-12-27 08:24:06 +0100] [36672] [WARNING] Worker with pid 38414 was terminated due to signal 9
[2024-12-27 08:24:06 +0100] [39043] [INFO] Booting worker with pid: 39043
[2024-12-27 08:24:37 +0100] [36672] [CRITICAL] WORKER TIMEOUT (pid:39043)
[2024-12-27 08:24:38 +0100] [36672] [WARNING] Worker with pid 39043 was terminated due to signal 9
[2024-12-27 08:24:38 +0100] [39138] [INFO] Booting worker with pid: 39138
[2024-12-27 08:25:08 +0100] [36672] [CRITICAL] WORKER TIMEOUT (pid:39138)
[2024-12-27 08:25:09 +0100] [36672] [WARNING] Worker with pid 39138 was terminated due to signal 9
[2024-12-27 08:25:09 +0100] [39273] [INFO] Booting worker with pid: 39273
[2024-12-27 08:25:40 +0100] [36672] [CRITICAL] WORKER TIMEOUT (pid:39273)
[2024-12-27 08:25:41 +0100] [36672] [WARNING] Worker with pid 39273 was terminated due to signal 9
[2024-12-27 08:25:41 +0100] [39393] [INFO] Booting worker with pid: 39393
[2024-12-27 08:26:12 +0100] [36672] [CRITICAL] WORKER TIMEOUT (pid:39393)
[2024-12-27 08:26:13 +0100] [36672] [WARNING] Worker with pid 39393 was terminated due to signal 9
[2024-12-27 08:26:13 +0100] [39493] [INFO] Booting worker with pid: 39493
[2024-12-27 08:26:43 +0100] [36672] [CRITICAL] WORKER TIMEOUT (pid:39493)
[2024-12-27 08:26:44 +0100] [39493] [INFO] Worker exiting (pid: 39493)
[2024-12-27 08:26:44 +0100] [36672] [WARNING] Worker with pid 39493 was terminated due to signal 9
[2024-12-27 08:26:44 +0100] [39601] [INFO] Booting worker with pid: 39601
[2024-12-27 08:27:16 +0100] [36672] [CRITICAL] WORKER TIMEOUT (pid:39601)
[2024-12-27 08:27:17 +0100] [36672] [WARNING] Worker with pid 39601 was terminated due to signal 9
[2024-12-27 08:27:17 +0100] [39743] [INFO] Booting worker with pid: 39743
[2024-12-27 08:27:48 +0100] [36672] [CRITICAL] WORKER TIMEOUT (pid:39743)
[2024-12-27 08:27:49 +0100] [36672] [WARNING] Worker with pid 39743 was terminated due to signal 9
[2024-12-27 08:27:49 +0100] [39843] [INFO] Booting worker with pid: 39843
[2024-12-27 08:28:47 +0100] [36672] [CRITICAL] WORKER TIMEOUT (pid:39843)
[2024-12-27 08:28:48 +0100] [36672] [WARNING] Worker with pid 39843 was terminated due to signal 9
[2024-12-27 08:28:48 +0100] [40041] [INFO] Booting worker with pid: 40041
[2024-12-27 08:35:28 +0100] [36672] [CRITICAL] WORKER TIMEOUT (pid:40041)
[2024-12-27 08:35:29 +0100] [36672] [WARNING] Worker with pid 40041 was terminated due to signal 9
[2024-12-27 08:35:29 +0100] [41530] [INFO] Booting worker with pid: 41530
[2024-12-27 08:36:00 +0100] [36672] [CRITICAL] WORKER TIMEOUT (pid:41530)
[2024-12-27 08:36:01 +0100] [36672] [WARNING] Worker with pid 41530 was terminated due to signal 9
[2024-12-27 08:36:01 +0100] [41623] [INFO] Booting worker with pid: 41623
[2024-12-27 08:44:30 +0100] [36672] [CRITICAL] WORKER TIMEOUT (pid:41623)
[2024-12-27 08:44:31 +0100] [36672] [WARNING] Worker with pid 41623 was terminated due to signal 9
[2024-12-27 08:44:31 +0100] [43313] [INFO] Booting worker with pid: 43313
[2024-12-27 08:45:56 +0100] [36672] [CRITICAL] WORKER TIMEOUT (pid:43313)
[2024-12-27 08:45:56 +0100] [43313] [INFO] Worker exiting (pid: 43313)
[2024-12-27 08:45:57 +0100] [36672] [WARNING] Worker with pid 43313 was terminated due to signal 9
[2024-12-27 08:45:57 +0100] [43668] [INFO] Booting worker with pid: 43668
[2024-12-27 08:48:13 +0100] [36672] [INFO] Handling signal: int
[2024-12-27 08:48:13 +0100] [43668] [INFO] Worker exiting (pid: 43668)
[2024-12-27 08:48:13 +0100] [36672] [INFO] Shutting down: Master
[2024-12-27 08:48:22 +0100] [44261] [INFO] Starting gunicorn 20.1.0
[2024-12-27 08:48:22 +0100] [44261] [INFO] Listening at: http://0.0.0.0:8005 (44261)
[2024-12-27 08:48:22 +0100] [44261] [INFO] Using worker: sync
[2024-12-27 08:48:22 +0100] [44262] [INFO] Booting worker with pid: 44262
[2024-12-27 08:59:48 +0100] [44261] [INFO] Handling signal: int
[2024-12-27 08:59:48 +0100] [44262] [INFO] Worker exiting (pid: 44262)
[2024-12-27 08:59:48 +0100] [44261] [INFO] Shutting down: Master
[2024-12-27 08:59:52 +0100] [46734] [INFO] Starting gunicorn 20.1.0
[2024-12-27 08:59:52 +0100] [46734] [INFO] Listening at: http://0.0.0.0:8005 (46734)
[2024-12-27 08:59:52 +0100] [46734] [INFO] Using worker: sync
[2024-12-27 08:59:52 +0100] [46744] [INFO] Booting worker with pid: 46744
[2024-12-27 09:00:41 +0100] [46734] [INFO] Handling signal: int
[2024-12-27 09:00:41 +0100] [46744] [INFO] Worker exiting (pid: 46744)
[2024-12-27 09:00:41 +0100] [46734] [INFO] Shutting down: Master
[2024-12-27 09:00:58 +0100] [47066] [INFO] Starting gunicorn 20.1.0
[2024-12-27 09:00:58 +0100] [47066] [INFO] Listening at: http://0.0.0.0:8005 (47066)
[2024-12-27 09:00:58 +0100] [47066] [INFO] Using worker: sync
[2024-12-27 09:00:58 +0100] [47075] [INFO] Booting worker with pid: 47075
[2024-12-27 09:02:27 +0100] [47066] [INFO] Handling signal: int
[2024-12-27 09:02:27 +0100] [47075] [INFO] Worker exiting (pid: 47075)
[2024-12-27 09:02:27 +0100] [47066] [INFO] Shutting down: Master
[2024-12-27 09:02:29 +0100] [47501] [INFO] Starting gunicorn 20.1.0
[2024-12-27 09:02:29 +0100] [47501] [INFO] Listening at: http://0.0.0.0:8005 (47501)
[2024-12-27 09:02:29 +0100] [47501] [INFO] Using worker: sync
[2024-12-27 09:02:29 +0100] [47505] [INFO] Booting worker with pid: 47505
[2024-12-27 09:02:35 +0100] [47501] [INFO] Handling signal: int
[2024-12-27 09:02:35 +0100] [47505] [INFO] Worker exiting (pid: 47505)
[2024-12-27 09:02:35 +0100] [47501] [INFO] Shutting down: Master
[2024-12-27 09:15:07 +0100] [50179] [INFO] Starting gunicorn 20.1.0
[2024-12-27 09:15:07 +0100] [50179] [INFO] Listening at: http://0.0.0.0:8005 (50179)
[2024-12-27 09:15:07 +0100] [50179] [INFO] Using worker: sync
[2024-12-27 09:15:07 +0100] [50180] [INFO] Booting worker with pid: 50180
[2024-12-27 09:19:14 +0100] [50179] [INFO] Handling signal: int
[2024-12-27 09:19:14 +0100] [50180] [INFO] Worker exiting (pid: 50180)
[2024-12-27 09:19:14 +0100] [50179] [INFO] Shutting down: Master
[2024-12-27 09:25:02 +0100] [52462] [INFO] Starting gunicorn 20.1.0
[2024-12-27 09:25:02 +0100] [52462] [INFO] Listening at: http://0.0.0.0:8005 (52462)
[2024-12-27 09:25:02 +0100] [52462] [INFO] Using worker: sync
[2024-12-27 09:25:02 +0100] [52463] [INFO] Booting worker with pid: 52463
[2024-12-27 09:25:08 +0100] [52462] [INFO] Handling signal: int
[2024-12-27 09:25:08 +0100] [52463] [INFO] Worker exiting (pid: 52463)
[2024-12-27 09:25:08 +0100] [52462] [INFO] Shutting down: Master
[2024-12-27 09:36:23 +0100] [54880] [INFO] Starting gunicorn 20.1.0
[2024-12-27 09:36:23 +0100] [54880] [INFO] Listening at: http://0.0.0.0:8005 (54880)
[2024-12-27 09:36:23 +0100] [54880] [INFO] Using worker: sync
[2024-12-27 09:36:23 +0100] [54883] [INFO] Booting worker with pid: 54883
[2024-12-27 09:37:38 +0100] [54880] [INFO] Handling signal: int
[2024-12-27 09:37:38 +0100] [54883] [INFO] Worker exiting (pid: 54883)
[2024-12-27 09:37:38 +0100] [54880] [INFO] Shutting down: Master
[2024-12-27 09:39:02 +0100] [55539] [INFO] Starting gunicorn 20.1.0
[2024-12-27 09:39:02 +0100] [55539] [INFO] Listening at: http://0.0.0.0:8005 (55539)
[2024-12-27 09:39:02 +0100] [55539] [INFO] Using worker: sync
[2024-12-27 09:39:02 +0100] [55540] [INFO] Booting worker with pid: 55540
[2024-12-27 09:39:57 +0100] [55539] [CRITICAL] WORKER TIMEOUT (pid:55540)
[2024-12-27 09:39:58 +0100] [55539] [WARNING] Worker with pid 55540 was terminated due to signal 9
[2024-12-27 09:39:58 +0100] [55748] [INFO] Booting worker with pid: 55748
[2024-12-27 09:40:57 +0100] [55539] [CRITICAL] WORKER TIMEOUT (pid:55748)
[2024-12-27 09:40:58 +0100] [55539] [WARNING] Worker with pid 55748 was terminated due to signal 9
[2024-12-27 09:40:58 +0100] [55938] [INFO] Booting worker with pid: 55938
[2024-12-27 09:41:44 +0100] [55539] [CRITICAL] WORKER TIMEOUT (pid:55938)
[2024-12-27 09:41:45 +0100] [55539] [WARNING] Worker with pid 55938 was terminated due to signal 9
[2024-12-27 09:41:45 +0100] [56111] [INFO] Booting worker with pid: 56111
[2024-12-27 09:42:15 +0100] [55539] [CRITICAL] WORKER TIMEOUT (pid:56111)
[2024-12-27 09:42:16 +0100] [55539] [WARNING] Worker with pid 56111 was terminated due to signal 9
[2024-12-27 09:42:17 +0100] [56202] [INFO] Booting worker with pid: 56202
[2024-12-27 09:42:47 +0100] [55539] [CRITICAL] WORKER TIMEOUT (pid:56202)
[2024-12-27 09:42:48 +0100] [55539] [WARNING] Worker with pid 56202 was terminated due to signal 9
[2024-12-27 09:42:48 +0100] [56307] [INFO] Booting worker with pid: 56307
[2024-12-27 09:43:18 +0100] [55539] [CRITICAL] WORKER TIMEOUT (pid:56307)
[2024-12-27 09:43:19 +0100] [55539] [WARNING] Worker with pid 56307 was terminated due to signal 9
[2024-12-27 09:43:19 +0100] [56429] [INFO] Booting worker with pid: 56429
[2024-12-27 09:44:16 +0100] [55539] [CRITICAL] WORKER TIMEOUT (pid:56429)
[2024-12-27 09:44:17 +0100] [55539] [WARNING] Worker with pid 56429 was terminated due to signal 9
[2024-12-27 09:44:17 +0100] [56608] [INFO] Booting worker with pid: 56608
[2024-12-27 09:45:04 +0100] [55539] [CRITICAL] WORKER TIMEOUT (pid:56608)
[2024-12-27 09:45:05 +0100] [55539] [WARNING] Worker with pid 56608 was terminated due to signal 9
[2024-12-27 09:45:05 +0100] [56789] [INFO] Booting worker with pid: 56789
[2024-12-27 09:45:36 +0100] [55539] [CRITICAL] WORKER TIMEOUT (pid:56789)
[2024-12-27 09:45:37 +0100] [55539] [WARNING] Worker with pid 56789 was terminated due to signal 9
[2024-12-27 09:45:37 +0100] [56886] [INFO] Booting worker with pid: 56886
[2024-12-27 09:46:08 +0100] [55539] [CRITICAL] WORKER TIMEOUT (pid:56886)
[2024-12-27 09:46:09 +0100] [55539] [WARNING] Worker with pid 56886 was terminated due to signal 9
[2024-12-27 09:46:09 +0100] [56988] [INFO] Booting worker with pid: 56988
[2024-12-27 09:46:40 +0100] [55539] [CRITICAL] WORKER TIMEOUT (pid:56988)
[2024-12-27 09:46:41 +0100] [55539] [WARNING] Worker with pid 56988 was terminated due to signal 9
[2024-12-27 09:46:41 +0100] [57081] [INFO] Booting worker with pid: 57081
[2024-12-27 09:47:39 +0100] [55539] [CRITICAL] WORKER TIMEOUT (pid:57081)
[2024-12-27 09:47:40 +0100] [55539] [WARNING] Worker with pid 57081 was terminated due to signal 9
[2024-12-27 09:47:40 +0100] [57296] [INFO] Booting worker with pid: 57296
[2024-12-27 09:48:26 +0100] [55539] [CRITICAL] WORKER TIMEOUT (pid:57296)
[2024-12-27 09:48:27 +0100] [55539] [WARNING] Worker with pid 57296 was terminated due to signal 9
[2024-12-27 09:48:27 +0100] [57436] [INFO] Booting worker with pid: 57436
[2024-12-27 09:50:14 +0100] [55539] [CRITICAL] WORKER TIMEOUT (pid:57436)
[2024-12-27 09:50:15 +0100] [55539] [WARNING] Worker with pid 57436 was terminated due to signal 9
[2024-12-27 09:50:15 +0100] [57822] [INFO] Booting worker with pid: 57822
[2024-12-27 09:51:01 +0100] [55539] [CRITICAL] WORKER TIMEOUT (pid:57822)
[2024-12-27 09:51:02 +0100] [55539] [WARNING] Worker with pid 57822 was terminated due to signal 9
[2024-12-27 09:51:02 +0100] [57973] [INFO] Booting worker with pid: 57973
[2024-12-27 09:51:33 +0100] [55539] [CRITICAL] WORKER TIMEOUT (pid:57973)
[2024-12-27 09:51:34 +0100] [55539] [WARNING] Worker with pid 57973 was terminated due to signal 9
[2024-12-27 09:51:34 +0100] [58114] [INFO] Booting worker with pid: 58114
[2024-12-27 09:52:05 +0100] [55539] [CRITICAL] WORKER TIMEOUT (pid:58114)
[2024-12-27 09:52:06 +0100] [55539] [WARNING] Worker with pid 58114 was terminated due to signal 9
[2024-12-27 09:52:06 +0100] [58237] [INFO] Booting worker with pid: 58237
[2024-12-27 09:53:20 +0100] [55539] [CRITICAL] WORKER TIMEOUT (pid:58237)
[2024-12-27 09:53:21 +0100] [55539] [WARNING] Worker with pid 58237 was terminated due to signal 9
[2024-12-27 09:53:21 +0100] [58494] [INFO] Booting worker with pid: 58494
[2024-12-27 09:54:15 +0100] [55539] [CRITICAL] WORKER TIMEOUT (pid:58494)
[2024-12-27 09:54:17 +0100] [55539] [WARNING] Worker with pid 58494 was terminated due to signal 9
[2024-12-27 09:54:17 +0100] [58675] [INFO] Booting worker with pid: 58675
[2024-12-27 09:55:12 +0100] [55539] [CRITICAL] WORKER TIMEOUT (pid:58675)
[2024-12-27 09:55:13 +0100] [55539] [WARNING] Worker with pid 58675 was terminated due to signal 9
[2024-12-27 09:55:13 +0100] [58874] [INFO] Booting worker with pid: 58874
[2024-12-27 09:55:43 +0100] [55539] [CRITICAL] WORKER TIMEOUT (pid:58874)
[2024-12-27 09:55:44 +0100] [55539] [WARNING] Worker with pid 58874 was terminated due to signal 9
[2024-12-27 09:55:44 +0100] [58987] [INFO] Booting worker with pid: 58987
[2024-12-27 09:56:14 +0100] [55539] [CRITICAL] WORKER TIMEOUT (pid:58987)
[2024-12-27 09:56:15 +0100] [55539] [WARNING] Worker with pid 58987 was terminated due to signal 9
[2024-12-27 09:56:15 +0100] [59091] [INFO] Booting worker with pid: 59091
[2024-12-27 09:57:03 +0100] [55539] [CRITICAL] WORKER TIMEOUT (pid:59091)
[2024-12-27 09:57:04 +0100] [55539] [WARNING] Worker with pid 59091 was terminated due to signal 9
[2024-12-27 09:57:04 +0100] [59254] [INFO] Booting worker with pid: 59254
[2024-12-27 09:57:35 +0100] [55539] [CRITICAL] WORKER TIMEOUT (pid:59254)
[2024-12-27 09:57:36 +0100] [55539] [WARNING] Worker with pid 59254 was terminated due to signal 9
[2024-12-27 09:57:36 +0100] [59372] [INFO] Booting worker with pid: 59372
[2024-12-27 09:58:37 +0100] [55539] [CRITICAL] WORKER TIMEOUT (pid:59372)
[2024-12-27 09:58:38 +0100] [55539] [WARNING] Worker with pid 59372 was terminated due to signal 9
[2024-12-27 09:58:39 +0100] [59560] [INFO] Booting worker with pid: 59560
[2024-12-27 09:59:09 +0100] [55539] [CRITICAL] WORKER TIMEOUT (pid:59560)
[2024-12-27 09:59:10 +0100] [55539] [WARNING] Worker with pid 59560 was terminated due to signal 9
[2024-12-27 09:59:10 +0100] [59683] [INFO] Booting worker with pid: 59683
[2024-12-27 09:59:56 +0100] [55539] [CRITICAL] WORKER TIMEOUT (pid:59683)
[2024-12-27 09:59:57 +0100] [55539] [WARNING] Worker with pid 59683 was terminated due to signal 9
[2024-12-27 09:59:57 +0100] [59894] [INFO] Booting worker with pid: 59894
[2024-12-27 10:00:28 +0100] [55539] [CRITICAL] WORKER TIMEOUT (pid:59894)
[2024-12-27 10:00:29 +0100] [55539] [WARNING] Worker with pid 59894 was terminated due to signal 9
[2024-12-27 10:00:29 +0100] [60003] [INFO] Booting worker with pid: 60003
[2024-12-27 10:00:47 +0100] [55539] [INFO] Handling signal: int
[2024-12-27 10:01:17 +0100] [55539] [WARNING] Worker with pid 60003 was terminated due to signal 9
[2024-12-27 10:01:17 +0100] [55539] [INFO] Shutting down: Master
[2024-12-27 10:01:46 +0100] [60408] [INFO] Starting gunicorn 20.1.0
[2024-12-27 10:01:46 +0100] [60408] [INFO] Listening at: http://0.0.0.0:8005 (60408)
[2024-12-27 10:01:46 +0100] [60408] [INFO] Using worker: sync
[2024-12-27 10:01:46 +0100] [60409] [INFO] Booting worker with pid: 60409
[2024-12-27 10:02:17 +0100] [60408] [CRITICAL] WORKER TIMEOUT (pid:60409)
[2024-12-27 10:02:18 +0100] [60408] [WARNING] Worker with pid 60409 was terminated due to signal 9
[2024-12-27 10:02:18 +0100] [60587] [INFO] Booting worker with pid: 60587
[2024-12-27 10:02:39 +0100] [60408] [INFO] Handling signal: winch
[2024-12-27 10:03:04 +0100] [60408] [CRITICAL] WORKER TIMEOUT (pid:60587)
[2024-12-27 10:03:05 +0100] [60408] [WARNING] Worker with pid 60587 was terminated due to signal 9
[2024-12-27 10:03:05 +0100] [60841] [INFO] Booting worker with pid: 60841
[2024-12-27 10:03:35 +0100] [60408] [CRITICAL] WORKER TIMEOUT (pid:60841)
[2024-12-27 10:03:36 +0100] [60408] [WARNING] Worker with pid 60841 was terminated due to signal 9
[2024-12-27 10:03:36 +0100] [60949] [INFO] Booting worker with pid: 60949
[2024-12-27 10:04:06 +0100] [60408] [CRITICAL] WORKER TIMEOUT (pid:60949)
[2024-12-27 10:04:07 +0100] [60408] [WARNING] Worker with pid 60949 was terminated due to signal 9
[2024-12-27 10:04:07 +0100] [61058] [INFO] Booting worker with pid: 61058
[2024-12-27 10:04:26 +0100] [60408] [INFO] Handling signal: int
[2024-12-27 10:04:56 +0100] [60408] [WARNING] Worker with pid 61058 was terminated due to signal 9
[2024-12-27 10:04:56 +0100] [60408] [INFO] Shutting down: Master
[2024-12-27 10:05:01 +0100] [61319] [INFO] Starting gunicorn 20.1.0
[2024-12-27 10:05:01 +0100] [61319] [INFO] Listening at: http://0.0.0.0:8005 (61319)
[2024-12-27 10:05:01 +0100] [61319] [INFO] Using worker: sync
[2024-12-27 10:05:01 +0100] [61321] [INFO] Booting worker with pid: 61321
[2024-12-27 10:05:31 +0100] [61319] [CRITICAL] WORKER TIMEOUT (pid:61321)
[2024-12-27 10:05:32 +0100] [61319] [WARNING] Worker with pid 61321 was terminated due to signal 9
[2024-12-27 10:05:32 +0100] [61443] [INFO] Booting worker with pid: 61443
[2024-12-27 10:06:02 +0100] [61319] [CRITICAL] WORKER TIMEOUT (pid:61443)
[2024-12-27 10:06:03 +0100] [61319] [WARNING] Worker with pid 61443 was terminated due to signal 9
[2024-12-27 10:06:03 +0100] [61572] [INFO] Booting worker with pid: 61572
[2024-12-27 10:06:33 +0100] [61319] [CRITICAL] WORKER TIMEOUT (pid:61572)
[2024-12-27 10:06:34 +0100] [61319] [WARNING] Worker with pid 61572 was terminated due to signal 9
[2024-12-27 10:06:34 +0100] [61673] [INFO] Booting worker with pid: 61673
[2024-12-27 10:07:05 +0100] [61319] [CRITICAL] WORKER TIMEOUT (pid:61673)
[2024-12-27 10:07:06 +0100] [61319] [WARNING] Worker with pid 61673 was terminated due to signal 9
[2024-12-27 10:07:06 +0100] [61799] [INFO] Booting worker with pid: 61799
[2024-12-27 10:07:36 +0100] [61319] [CRITICAL] WORKER TIMEOUT (pid:61799)
[2024-12-27 10:07:37 +0100] [61319] [WARNING] Worker with pid 61799 was terminated due to signal 9
[2024-12-27 10:07:37 +0100] [61897] [INFO] Booting worker with pid: 61897
[2024-12-27 10:07:39 +0100] [61319] [INFO] Handling signal: int
[2024-12-27 10:08:10 +0100] [61319] [WARNING] Worker with pid 61897 was terminated due to signal 9
[2024-12-27 10:08:10 +0100] [61319] [INFO] Shutting down: Master
[2024-12-27 10:09:23 +0100] [62374] [INFO] Starting gunicorn 20.1.0
[2024-12-27 10:09:23 +0100] [62374] [INFO] Listening at: http://0.0.0.0:8005 (62374)
[2024-12-27 10:09:23 +0100] [62374] [INFO] Using worker: sync
[2024-12-27 10:09:23 +0100] [62375] [INFO] Booting worker with pid: 62375
[2024-12-27 10:09:53 +0100] [62374] [CRITICAL] WORKER TIMEOUT (pid:62375)
[2024-12-27 10:09:54 +0100] [62374] [WARNING] Worker with pid 62375 was terminated due to signal 9
[2024-12-27 10:09:54 +0100] [62482] [INFO] Booting worker with pid: 62482
[2024-12-27 10:10:24 +0100] [62374] [CRITICAL] WORKER TIMEOUT (pid:62482)
[2024-12-27 10:10:25 +0100] [62374] [WARNING] Worker with pid 62482 was terminated due to signal 9
[2024-12-27 10:10:25 +0100] [62589] [INFO] Booting worker with pid: 62589
[2024-12-27 10:10:55 +0100] [62374] [CRITICAL] WORKER TIMEOUT (pid:62589)
[2024-12-27 10:10:56 +0100] [62374] [WARNING] Worker with pid 62589 was terminated due to signal 9
[2024-12-27 10:10:56 +0100] [62693] [INFO] Booting worker with pid: 62693
[2024-12-27 10:11:26 +0100] [62374] [CRITICAL] WORKER TIMEOUT (pid:62693)
[2024-12-27 10:11:27 +0100] [62374] [WARNING] Worker with pid 62693 was terminated due to signal 9
[2024-12-27 10:11:27 +0100] [62823] [INFO] Booting worker with pid: 62823
[2024-12-27 10:11:57 +0100] [62374] [CRITICAL] WORKER TIMEOUT (pid:62823)
[2024-12-27 10:11:58 +0100] [62374] [WARNING] Worker with pid 62823 was terminated due to signal 9
[2024-12-27 10:11:58 +0100] [62927] [INFO] Booting worker with pid: 62927
[2024-12-27 10:12:05 +0100] [62374] [INFO] Handling signal: int
[2024-12-27 10:12:35 +0100] [62374] [WARNING] Worker with pid 62927 was terminated due to signal 9
[2024-12-27 10:12:36 +0100] [62374] [INFO] Shutting down: Master
[2024-12-27 10:15:16 +0100] [63776] [INFO] Starting gunicorn 20.1.0
[2024-12-27 10:15:16 +0100] [63776] [INFO] Listening at: http://0.0.0.0:8005 (63776)
[2024-12-27 10:15:16 +0100] [63776] [INFO] Using worker: sync
[2024-12-27 10:15:16 +0100] [63777] [INFO] Booting worker with pid: 63777
[2024-12-27 10:15:46 +0100] [63776] [CRITICAL] WORKER TIMEOUT (pid:63777)
[2024-12-27 10:15:47 +0100] [63776] [WARNING] Worker with pid 63777 was terminated due to signal 9
[2024-12-27 10:15:47 +0100] [63886] [INFO] Booting worker with pid: 63886
[2024-12-27 10:16:17 +0100] [63776] [CRITICAL] WORKER TIMEOUT (pid:63886)
[2024-12-27 10:16:18 +0100] [63776] [WARNING] Worker with pid 63886 was terminated due to signal 9
[2024-12-27 10:16:18 +0100] [63989] [INFO] Booting worker with pid: 63989
[2024-12-27 10:16:49 +0100] [63776] [CRITICAL] WORKER TIMEOUT (pid:63989)
[2024-12-27 10:16:50 +0100] [63776] [WARNING] Worker with pid 63989 was terminated due to signal 9
[2024-12-27 10:16:50 +0100] [64095] [INFO] Booting worker with pid: 64095
[2024-12-27 10:17:20 +0100] [63776] [CRITICAL] WORKER TIMEOUT (pid:64095)
[2024-12-27 10:17:21 +0100] [63776] [WARNING] Worker with pid 64095 was terminated due to signal 9
[2024-12-27 10:17:21 +0100] [64232] [INFO] Booting worker with pid: 64232
[2024-12-27 10:17:51 +0100] [63776] [CRITICAL] WORKER TIMEOUT (pid:64232)
[2024-12-27 10:17:52 +0100] [63776] [WARNING] Worker with pid 64232 was terminated due to signal 9
[2024-12-27 10:17:52 +0100] [64329] [INFO] Booting worker with pid: 64329
[2024-12-27 10:18:22 +0100] [63776] [CRITICAL] WORKER TIMEOUT (pid:64329)
[2024-12-27 10:18:23 +0100] [63776] [WARNING] Worker with pid 64329 was terminated due to signal 9
[2024-12-27 10:18:23 +0100] [64431] [INFO] Booting worker with pid: 64431
[2024-12-27 10:18:53 +0100] [63776] [CRITICAL] WORKER TIMEOUT (pid:64431)
[2024-12-27 10:18:54 +0100] [63776] [WARNING] Worker with pid 64431 was terminated due to signal 9
[2024-12-27 10:18:54 +0100] [64531] [INFO] Booting worker with pid: 64531
[2024-12-27 10:19:24 +0100] [63776] [CRITICAL] WORKER TIMEOUT (pid:64531)
[2024-12-27 10:19:25 +0100] [63776] [WARNING] Worker with pid 64531 was terminated due to signal 9
[2024-12-27 10:19:25 +0100] [64653] [INFO] Booting worker with pid: 64653
[2024-12-27 10:19:55 +0100] [63776] [CRITICAL] WORKER TIMEOUT (pid:64653)
[2024-12-27 10:19:56 +0100] [63776] [WARNING] Worker with pid 64653 was terminated due to signal 9
[2024-12-27 10:19:56 +0100] [64776] [INFO] Booting worker with pid: 64776
[2024-12-27 10:20:27 +0100] [63776] [CRITICAL] WORKER TIMEOUT (pid:64776)
[2024-12-27 10:20:28 +0100] [63776] [WARNING] Worker with pid 64776 was terminated due to signal 9
[2024-12-27 10:20:28 +0100] [64884] [INFO] Booting worker with pid: 64884
[2024-12-27 10:20:58 +0100] [63776] [CRITICAL] WORKER TIMEOUT (pid:64884)
[2024-12-27 10:20:58 +0100] [64884] [INFO] Worker exiting (pid: 64884)
[2024-12-27 10:20:58 +0100] [65181] [INFO] Booting worker with pid: 65181
[2024-12-27 10:21:29 +0100] [63776] [CRITICAL] WORKER TIMEOUT (pid:65181)
[2024-12-27 10:21:30 +0100] [63776] [WARNING] Worker with pid 65181 was terminated due to signal 9
[2024-12-27 10:21:30 +0100] [65781] [INFO] Booting worker with pid: 65781
[2024-12-27 10:22:00 +0100] [63776] [CRITICAL] WORKER TIMEOUT (pid:65781)
[2024-12-27 10:22:01 +0100] [63776] [WARNING] Worker with pid 65781 was terminated due to signal 9
[2024-12-27 10:22:01 +0100] [66784] [INFO] Booting worker with pid: 66784
[2024-12-27 10:22:10 +0100] [63776] [INFO] Handling signal: int
[2024-12-27 10:22:27 +0100] [66784] [INFO] Worker exiting (pid: 66784)
[2024-12-27 10:22:28 +0100] [63776] [INFO] Shutting down: Master
[2024-12-27 10:41:21 +0100] [71290] [INFO] Starting gunicorn 20.1.0
[2024-12-27 10:41:21 +0100] [71290] [INFO] Listening at: http://0.0.0.0:8005 (71290)
[2024-12-27 10:41:21 +0100] [71290] [INFO] Using worker: sync
[2024-12-27 10:41:21 +0100] [71301] [INFO] Booting worker with pid: 71301
[2024-12-27 10:41:22 +0100] [71301] [ERROR] Exception in worker process
Traceback (most recent call last):
  File "/Users/dgjoshev/development/gitlab_reuter365_net/devops/tools/dhparam_gen_python/dh/lib/python3.13/site-packages/gunicorn/arbiter.py", line 589, in spawn_worker
    worker.init_process()
    ~~~~~~~~~~~~~~~~~~~^^
  File "/Users/dgjoshev/development/gitlab_reuter365_net/devops/tools/dhparam_gen_python/dh/lib/python3.13/site-packages/gunicorn/workers/base.py", line 134, in init_process
    self.load_wsgi()
    ~~~~~~~~~~~~~~^^
  File "/Users/dgjoshev/development/gitlab_reuter365_net/devops/tools/dhparam_gen_python/dh/lib/python3.13/site-packages/gunicorn/workers/base.py", line 146, in load_wsgi
    self.wsgi = self.app.wsgi()
                ~~~~~~~~~~~~~^^
  File "/Users/dgjoshev/development/gitlab_reuter365_net/devops/tools/dhparam_gen_python/dh/lib/python3.13/site-packages/gunicorn/app/base.py", line 67, in wsgi
    self.callable = self.load()
                    ~~~~~~~~~^^
  File "/Users/dgjoshev/development/gitlab_reuter365_net/devops/tools/dhparam_gen_python/dh/lib/python3.13/site-packages/gunicorn/app/wsgiapp.py", line 58, in load
    return self.load_wsgiapp()
           ~~~~~~~~~~~~~~~~~^^
  File "/Users/dgjoshev/development/gitlab_reuter365_net/devops/tools/dhparam_gen_python/dh/lib/python3.13/site-packages/gunicorn/app/wsgiapp.py", line 48, in load_wsgiapp
    return util.import_app(self.app_uri)
           ~~~~~~~~~~~~~~~^^^^^^^^^^^^^^
  File "/Users/dgjoshev/development/gitlab_reuter365_net/devops/tools/dhparam_gen_python/dh/lib/python3.13/site-packages/gunicorn/util.py", line 359, in import_app
    mod = importlib.import_module(module)
  File "/usr/local/Cellar/python@3.13/3.13.1/Frameworks/Python.framework/Versions/3.13/lib/python3.13/importlib/__init__.py", line 88, in import_module
    return _bootstrap._gcd_import(name[level:], package, level)
           ~~~~~~~~~~~~~~~~~~~~~~^^^^^^^^^^^^^^^^^^^^^^^^^^^^^^
  File "<frozen importlib._bootstrap>", line 1387, in _gcd_import
  File "<frozen importlib._bootstrap>", line 1360, in _find_and_load
  File "<frozen importlib._bootstrap>", line 1331, in _find_and_load_unlocked
  File "<frozen importlib._bootstrap>", line 935, in _load_unlocked
  File "<frozen importlib._bootstrap_external>", line 1026, in exec_module
  File "<frozen importlib._bootstrap>", line 488, in _call_with_frames_removed
  File "/Users/dgjoshev/development/gitlab_reuter365_net/devops/tools/dhparam_gen_python/wsgi.py", line 3, in <module>
    from multithread_dhparams_gen_d1 import app, init_application
ImportError: cannot import name 'init_application' from 'multithread_dhparams_gen_d1' (/Users/dgjoshev/development/gitlab_reuter365_net/devops/tools/dhparam_gen_python/multithread_dhparams_gen_d1.py)
[2024-12-27 10:41:22 +0100] [71301] [INFO] Worker exiting (pid: 71301)
[2024-12-27 10:41:22 +0100] [71290] [INFO] Shutting down: Master
[2024-12-27 10:41:22 +0100] [71290] [INFO] Reason: Worker failed to boot.
[2024-12-27 11:31:55 +0100] [82252] [INFO] Starting gunicorn 20.1.0
[2024-12-27 11:31:55 +0100] [82252] [INFO] Listening at: http://0.0.0.0:8005 (82252)
[2024-12-27 11:31:55 +0100] [82252] [INFO] Using worker: sync
[2024-12-27 11:31:55 +0100] [82265] [INFO] Booting worker with pid: 82265
[2024-12-27 11:31:56 +0100] [82265] [ERROR] Exception in worker process
Traceback (most recent call last):
  File "/Users/dgjoshev/development/gitlab_reuter365_net/devops/tools/dhparam_gen_python/dh/lib/python3.13/site-packages/gunicorn/arbiter.py", line 589, in spawn_worker
    worker.init_process()
    ~~~~~~~~~~~~~~~~~~~^^
  File "/Users/dgjoshev/development/gitlab_reuter365_net/devops/tools/dhparam_gen_python/dh/lib/python3.13/site-packages/gunicorn/workers/base.py", line 134, in init_process
    self.load_wsgi()
    ~~~~~~~~~~~~~~^^
  File "/Users/dgjoshev/development/gitlab_reuter365_net/devops/tools/dhparam_gen_python/dh/lib/python3.13/site-packages/gunicorn/workers/base.py", line 146, in load_wsgi
    self.wsgi = self.app.wsgi()
                ~~~~~~~~~~~~~^^
  File "/Users/dgjoshev/development/gitlab_reuter365_net/devops/tools/dhparam_gen_python/dh/lib/python3.13/site-packages/gunicorn/app/base.py", line 67, in wsgi
    self.callable = self.load()
                    ~~~~~~~~~^^
  File "/Users/dgjoshev/development/gitlab_reuter365_net/devops/tools/dhparam_gen_python/dh/lib/python3.13/site-packages/gunicorn/app/wsgiapp.py", line 58, in load
    return self.load_wsgiapp()
           ~~~~~~~~~~~~~~~~~^^
  File "/Users/dgjoshev/development/gitlab_reuter365_net/devops/tools/dhparam_gen_python/dh/lib/python3.13/site-packages/gunicorn/app/wsgiapp.py", line 48, in load_wsgiapp
    return util.import_app(self.app_uri)
           ~~~~~~~~~~~~~~~^^^^^^^^^^^^^^
  File "/Users/dgjoshev/development/gitlab_reuter365_net/devops/tools/dhparam_gen_python/dh/lib/python3.13/site-packages/gunicorn/util.py", line 359, in import_app
    mod = importlib.import_module(module)
  File "/usr/local/Cellar/python@3.13/3.13.1/Frameworks/Python.framework/Versions/3.13/lib/python3.13/importlib/__init__.py", line 88, in import_module
    return _bootstrap._gcd_import(name[level:], package, level)
           ~~~~~~~~~~~~~~~~~~~~~~^^^^^^^^^^^^^^^^^^^^^^^^^^^^^^
  File "<frozen importlib._bootstrap>", line 1387, in _gcd_import
  File "<frozen importlib._bootstrap>", line 1360, in _find_and_load
  File "<frozen importlib._bootstrap>", line 1331, in _find_and_load_unlocked
  File "<frozen importlib._bootstrap>", line 935, in _load_unlocked
  File "<frozen importlib._bootstrap_external>", line 1026, in exec_module
  File "<frozen importlib._bootstrap>", line 488, in _call_with_frames_removed
  File "/Users/dgjoshev/development/gitlab_reuter365_net/devops/tools/dhparam_gen_python/wsgi.py", line 3, in <module>
    from multithread_dhparams_gen_d1 import app, init_application
ImportError: cannot import name 'init_application' from 'multithread_dhparams_gen_d1' (/Users/dgjoshev/development/gitlab_reuter365_net/devops/tools/dhparam_gen_python/multithread_dhparams_gen_d1.py)
[2024-12-27 11:31:56 +0100] [82265] [INFO] Worker exiting (pid: 82265)
[2024-12-27 11:31:56 +0100] [82252] [INFO] Shutting down: Master
[2024-12-27 11:31:56 +0100] [82252] [INFO] Reason: Worker failed to boot.
[2024-12-27 11:32:13 +0100] [82370] [INFO] Starting gunicorn 20.1.0
[2024-12-27 11:32:13 +0100] [82370] [INFO] Listening at: http://0.0.0.0:8005 (82370)
[2024-12-27 11:32:13 +0100] [82370] [INFO] Using worker: sync
[2024-12-27 11:32:13 +0100] [82371] [INFO] Booting worker with pid: 82371
[2024-12-27 11:32:43 +0100] [82370] [CRITICAL] WORKER TIMEOUT (pid:82371)
[2024-12-27 11:32:44 +0100] [82370] [WARNING] Worker with pid 82371 was terminated due to signal 9
[2024-12-27 11:32:44 +0100] [82484] [INFO] Booting worker with pid: 82484
[2024-12-27 11:33:00 +0100] [82370] [INFO] Handling signal: int
[2024-12-27 11:33:30 +0100] [82370] [WARNING] Worker with pid 82484 was terminated due to signal 9
[2024-12-27 11:33:30 +0100] [82370] [INFO] Shutting down: Master
[2024-12-27 11:34:01 +0100] [83021] [INFO] Starting gunicorn 20.1.0
[2024-12-27 11:34:01 +0100] [83021] [INFO] Listening at: http://0.0.0.0:8005 (83021)
[2024-12-27 11:34:01 +0100] [83021] [INFO] Using worker: sync
[2024-12-27 11:34:01 +0100] [83022] [INFO] Booting worker with pid: 83022
[2024-12-27 11:34:31 +0100] [83021] [CRITICAL] WORKER TIMEOUT (pid:83022)
[2024-12-27 11:34:32 +0100] [83021] [WARNING] Worker with pid 83022 was terminated due to signal 9
[2024-12-27 11:34:32 +0100] [83126] [INFO] Booting worker with pid: 83126
[2024-12-27 11:34:45 +0100] [83021] [INFO] Handling signal: winch
[2024-12-27 11:35:02 +0100] [83021] [CRITICAL] WORKER TIMEOUT (pid:83126)
[2024-12-27 11:35:03 +0100] [83021] [WARNING] Worker with pid 83126 was terminated due to signal 9
[2024-12-27 11:35:03 +0100] [83233] [INFO] Booting worker with pid: 83233
[2024-12-27 11:35:11 +0100] [83021] [INFO] Handling signal: int
[2024-12-27 11:35:41 +0100] [83021] [WARNING] Worker with pid 83233 was terminated due to signal 9
[2024-12-27 11:35:41 +0100] [83021] [INFO] Shutting down: Master
[2024-12-27 11:36:14 +0100] [83566] [INFO] Starting gunicorn 20.1.0
[2024-12-27 11:36:14 +0100] [83566] [INFO] Listening at: http://0.0.0.0:8005 (83566)
[2024-12-27 11:36:14 +0100] [83566] [INFO] Using worker: sync
[2024-12-27 11:36:14 +0100] [83567] [INFO] Booting worker with pid: 83567
[2024-12-27 11:36:44 +0100] [83566] [CRITICAL] WORKER TIMEOUT (pid:83567)
[2024-12-27 11:36:45 +0100] [83566] [WARNING] Worker with pid 83567 was terminated due to signal 9
[2024-12-27 11:36:45 +0100] [83672] [INFO] Booting worker with pid: 83672
[2024-12-27 11:37:02 +0100] [83566] [INFO] Handling signal: int
[2024-12-27 11:37:32 +0100] [83566] [WARNING] Worker with pid 83672 was terminated due to signal 9
[2024-12-27 11:37:32 +0100] [83566] [INFO] Shutting down: Master
[2024-12-27 11:38:54 +0100] [84554] [INFO] Starting gunicorn 20.1.0
[2024-12-27 11:38:54 +0100] [84554] [INFO] Listening at: http://0.0.0.0:8005 (84554)
[2024-12-27 11:38:54 +0100] [84554] [INFO] Using worker: sync
[2024-12-27 11:38:54 +0100] [84555] [INFO] Booting worker with pid: 84555
[2024-12-27 11:39:24 +0100] [84554] [CRITICAL] WORKER TIMEOUT (pid:84555)
[2024-12-27 11:39:25 +0100] [84554] [WARNING] Worker with pid 84555 was terminated due to signal 9
[2024-12-27 11:39:25 +0100] [84689] [INFO] Booting worker with pid: 84689
[2024-12-27 11:39:55 +0100] [84554] [CRITICAL] WORKER TIMEOUT (pid:84689)
[2024-12-27 11:39:56 +0100] [84554] [WARNING] Worker with pid 84689 was terminated due to signal 9
[2024-12-27 11:39:56 +0100] [84808] [INFO] Booting worker with pid: 84808
[2024-12-27 11:40:27 +0100] [84554] [CRITICAL] WORKER TIMEOUT (pid:84808)
[2024-12-27 11:40:28 +0100] [84554] [WARNING] Worker with pid 84808 was terminated due to signal 9
[2024-12-27 11:40:28 +0100] [84901] [INFO] Booting worker with pid: 84901
[2024-12-27 11:40:31 +0100] [84554] [INFO] Handling signal: int
[2024-12-27 11:41:01 +0100] [84554] [WARNING] Worker with pid 84901 was terminated due to signal 9
[2024-12-27 11:41:01 +0100] [84554] [INFO] Shutting down: Master
[2024-12-27 11:41:10 +0100] [85166] [INFO] Starting gunicorn 20.1.0
[2024-12-27 11:41:10 +0100] [85166] [INFO] Listening at: http://0.0.0.0:8005 (85166)
[2024-12-27 11:41:10 +0100] [85166] [INFO] Using worker: sync
[2024-12-27 11:41:10 +0100] [85169] [INFO] Booting worker with pid: 85169
[2024-12-27 11:41:40 +0100] [85166] [CRITICAL] WORKER TIMEOUT (pid:85169)
[2024-12-27 11:41:41 +0100] [85166] [WARNING] Worker with pid 85169 was terminated due to signal 9
[2024-12-27 11:41:41 +0100] [85294] [INFO] Booting worker with pid: 85294
[2024-12-27 11:42:11 +0100] [85166] [CRITICAL] WORKER TIMEOUT (pid:85294)
[2024-12-27 11:42:12 +0100] [85166] [WARNING] Worker with pid 85294 was terminated due to signal 9
[2024-12-27 11:42:12 +0100] [85395] [INFO] Booting worker with pid: 85395
[2024-12-27 11:42:42 +0100] [85166] [CRITICAL] WORKER TIMEOUT (pid:85395)
[2024-12-27 11:42:43 +0100] [85166] [WARNING] Worker with pid 85395 was terminated due to signal 9
[2024-12-27 11:42:43 +0100] [85499] [INFO] Booting worker with pid: 85499
[2024-12-27 11:43:14 +0100] [85166] [CRITICAL] WORKER TIMEOUT (pid:85499)
[2024-12-27 11:43:15 +0100] [85166] [WARNING] Worker with pid 85499 was terminated due to signal 9
[2024-12-27 11:43:15 +0100] [85654] [INFO] Booting worker with pid: 85654
[2024-12-27 11:43:45 +0100] [85166] [INFO] Handling signal: int
[2024-12-27 11:44:15 +0100] [85166] [WARNING] Worker with pid 85654 was terminated due to signal 9
[2024-12-27 11:44:15 +0100] [85166] [INFO] Shutting down: Master
[2024-12-27 11:44:27 +0100] [85969] [INFO] Starting gunicorn 20.1.0
[2024-12-27 11:44:27 +0100] [85969] [INFO] Listening at: http://0.0.0.0:8005 (85969)
[2024-12-27 11:44:27 +0100] [85969] [INFO] Using worker: sync
[2024-12-27 11:44:27 +0100] [85970] [INFO] Booting worker with pid: 85970
[2024-12-27 11:44:57 +0100] [85969] [CRITICAL] WORKER TIMEOUT (pid:85970)
[2024-12-27 11:44:58 +0100] [85969] [WARNING] Worker with pid 85970 was terminated due to signal 9
[2024-12-27 11:44:58 +0100] [86093] [INFO] Booting worker with pid: 86093
[2024-12-27 11:45:28 +0100] [85969] [CRITICAL] WORKER TIMEOUT (pid:86093)
[2024-12-27 11:45:29 +0100] [85969] [WARNING] Worker with pid 86093 was terminated due to signal 9
[2024-12-27 11:45:29 +0100] [86230] [INFO] Booting worker with pid: 86230
[2024-12-27 11:45:59 +0100] [85969] [CRITICAL] WORKER TIMEOUT (pid:86230)
[2024-12-27 11:46:00 +0100] [85969] [WARNING] Worker with pid 86230 was terminated due to signal 9
[2024-12-27 11:46:00 +0100] [86336] [INFO] Booting worker with pid: 86336
[2024-12-27 11:46:22 +0100] [85969] [INFO] Handling signal: int
[2024-12-27 11:46:52 +0100] [85969] [WARNING] Worker with pid 86336 was terminated due to signal 9
[2024-12-27 11:46:52 +0100] [85969] [INFO] Shutting down: Master
[2024-12-27 12:01:43 +0100] [90514] [INFO] Starting gunicorn 20.1.0
[2024-12-27 12:01:43 +0100] [90514] [INFO] Listening at: http://0.0.0.0:8005 (90514)
[2024-12-27 12:01:43 +0100] [90514] [INFO] Using worker: sync
[2024-12-27 12:01:43 +0100] [90528] [INFO] Booting worker with pid: 90528
[2024-12-27 12:01:45 +0100] [90528] [ERROR] Exception in worker process
Traceback (most recent call last):
  File "/Users/dgjoshev/development/gitlab_reuter365_net/devops/tools/dhparam_gen_python/dh/lib/python3.13/site-packages/gunicorn/arbiter.py", line 589, in spawn_worker
    worker.init_process()
    ~~~~~~~~~~~~~~~~~~~^^
  File "/Users/dgjoshev/development/gitlab_reuter365_net/devops/tools/dhparam_gen_python/dh/lib/python3.13/site-packages/gunicorn/workers/base.py", line 134, in init_process
    self.load_wsgi()
    ~~~~~~~~~~~~~~^^
  File "/Users/dgjoshev/development/gitlab_reuter365_net/devops/tools/dhparam_gen_python/dh/lib/python3.13/site-packages/gunicorn/workers/base.py", line 146, in load_wsgi
    self.wsgi = self.app.wsgi()
                ~~~~~~~~~~~~~^^
  File "/Users/dgjoshev/development/gitlab_reuter365_net/devops/tools/dhparam_gen_python/dh/lib/python3.13/site-packages/gunicorn/app/base.py", line 67, in wsgi
    self.callable = self.load()
                    ~~~~~~~~~^^
  File "/Users/dgjoshev/development/gitlab_reuter365_net/devops/tools/dhparam_gen_python/dh/lib/python3.13/site-packages/gunicorn/app/wsgiapp.py", line 58, in load
    return self.load_wsgiapp()
           ~~~~~~~~~~~~~~~~~^^
  File "/Users/dgjoshev/development/gitlab_reuter365_net/devops/tools/dhparam_gen_python/dh/lib/python3.13/site-packages/gunicorn/app/wsgiapp.py", line 48, in load_wsgiapp
    return util.import_app(self.app_uri)
           ~~~~~~~~~~~~~~~^^^^^^^^^^^^^^
  File "/Users/dgjoshev/development/gitlab_reuter365_net/devops/tools/dhparam_gen_python/dh/lib/python3.13/site-packages/gunicorn/util.py", line 359, in import_app
    mod = importlib.import_module(module)
  File "/usr/local/Cellar/python@3.13/3.13.1/Frameworks/Python.framework/Versions/3.13/lib/python3.13/importlib/__init__.py", line 88, in import_module
    return _bootstrap._gcd_import(name[level:], package, level)
           ~~~~~~~~~~~~~~~~~~~~~~^^^^^^^^^^^^^^^^^^^^^^^^^^^^^^
  File "<frozen importlib._bootstrap>", line 1387, in _gcd_import
  File "<frozen importlib._bootstrap>", line 1360, in _find_and_load
  File "<frozen importlib._bootstrap>", line 1331, in _find_and_load_unlocked
  File "<frozen importlib._bootstrap>", line 935, in _load_unlocked
  File "<frozen importlib._bootstrap_external>", line 1026, in exec_module
  File "<frozen importlib._bootstrap>", line 488, in _call_with_frames_removed
  File "/Users/dgjoshev/development/gitlab_reuter365_net/devops/tools/dhparam_gen_python/wsgi.py", line 3, in <module>
    from working_dh import app, init_application
ImportError: cannot import name 'init_application' from 'working_dh' (/Users/dgjoshev/development/gitlab_reuter365_net/devops/tools/dhparam_gen_python/working_dh.py)
[2024-12-27 12:01:45 +0100] [90528] [INFO] Worker exiting (pid: 90528)
[2024-12-27 12:01:45 +0100] [90514] [INFO] Shutting down: Master
[2024-12-27 12:01:45 +0100] [90514] [INFO] Reason: Worker failed to boot.
[2024-12-27 12:07:54 +0100] [91996] [INFO] Starting gunicorn 20.1.0
[2024-12-27 12:07:54 +0100] [91996] [INFO] Listening at: http://0.0.0.0:8005 (91996)
[2024-12-27 12:07:54 +0100] [91996] [INFO] Using worker: sync
[2024-12-27 12:07:54 +0100] [91998] [INFO] Booting worker with pid: 91998
[2024-12-27 12:08:39 +0100] [91996] [CRITICAL] WORKER TIMEOUT (pid:91998)
[2024-12-27 12:08:40 +0100] [91996] [WARNING] Worker with pid 91998 was terminated due to signal 9
[2024-12-27 12:08:40 +0100] [92157] [INFO] Booting worker with pid: 92157
[2024-12-27 12:09:12 +0100] [91996] [CRITICAL] WORKER TIMEOUT (pid:92157)
[2024-12-27 12:09:13 +0100] [91996] [WARNING] Worker with pid 92157 was terminated due to signal 9
[2024-12-27 12:09:13 +0100] [92294] [INFO] Booting worker with pid: 92294
[2024-12-27 12:09:44 +0100] [91996] [CRITICAL] WORKER TIMEOUT (pid:92294)
[2024-12-27 12:09:45 +0100] [91996] [WARNING] Worker with pid 92294 was terminated due to signal 9
[2024-12-27 12:09:45 +0100] [92412] [INFO] Booting worker with pid: 92412
[2024-12-27 12:10:33 +0100] [91996] [CRITICAL] WORKER TIMEOUT (pid:92412)
[2024-12-27 12:10:34 +0100] [91996] [WARNING] Worker with pid 92412 was terminated due to signal 9
[2024-12-27 12:10:34 +0100] [92567] [INFO] Booting worker with pid: 92567
[2024-12-27 12:10:55 +0100] [91996] [INFO] Handling signal: int
[2024-12-27 12:11:25 +0100] [91996] [WARNING] Worker with pid 92567 was terminated due to signal 9
[2024-12-27 12:11:25 +0100] [91996] [INFO] Shutting down: Master
[2024-12-27 12:11:37 +0100] [92910] [INFO] Starting gunicorn 20.1.0
[2024-12-27 12:11:37 +0100] [92910] [INFO] Listening at: http://0.0.0.0:8005 (92910)
[2024-12-27 12:11:37 +0100] [92910] [INFO] Using worker: sync
[2024-12-27 12:11:37 +0100] [92912] [INFO] Booting worker with pid: 92912
[2024-12-27 12:12:07 +0100] [92910] [CRITICAL] WORKER TIMEOUT (pid:92912)
[2024-12-27 12:12:08 +0100] [92910] [WARNING] Worker with pid 92912 was terminated due to signal 9
[2024-12-27 12:12:08 +0100] [93009] [INFO] Booting worker with pid: 93009
[2024-12-27 12:12:38 +0100] [92910] [CRITICAL] WORKER TIMEOUT (pid:93009)
[2024-12-27 12:12:39 +0100] [92910] [WARNING] Worker with pid 93009 was terminated due to signal 9
[2024-12-27 12:12:39 +0100] [93120] [INFO] Booting worker with pid: 93120
[2024-12-27 12:13:09 +0100] [92910] [CRITICAL] WORKER TIMEOUT (pid:93120)
[2024-12-27 12:13:10 +0100] [92910] [WARNING] Worker with pid 93120 was terminated due to signal 9
[2024-12-27 12:13:10 +0100] [93228] [INFO] Booting worker with pid: 93228
[2024-12-27 12:13:14 +0100] [92910] [INFO] Handling signal: int
[2024-12-27 12:13:44 +0100] [92910] [WARNING] Worker with pid 93228 was terminated due to signal 9
[2024-12-27 12:13:44 +0100] [92910] [INFO] Shutting down: Master
[2024-12-27 12:14:58 +0100] [93709] [INFO] Starting gunicorn 20.1.0
[2024-12-27 12:14:58 +0100] [93709] [INFO] Listening at: http://0.0.0.0:8005 (93709)
[2024-12-27 12:14:58 +0100] [93709] [INFO] Using worker: sync
[2024-12-27 12:14:58 +0100] [93710] [INFO] Booting worker with pid: 93710
[2024-12-27 12:15:28 +0100] [93709] [CRITICAL] WORKER TIMEOUT (pid:93710)
[2024-12-27 12:15:29 +0100] [93709] [WARNING] Worker with pid 93710 was terminated due to signal 9
[2024-12-27 12:15:29 +0100] [93854] [INFO] Booting worker with pid: 93854
[2024-12-27 12:15:45 +0100] [93709] [INFO] Handling signal: int
[2024-12-27 12:16:15 +0100] [93709] [WARNING] Worker with pid 93854 was terminated due to signal 9
[2024-12-27 12:16:15 +0100] [93709] [INFO] Shutting down: Master
[2024-12-27 12:17:47 +0100] [94432] [INFO] Starting gunicorn 20.1.0
[2024-12-27 12:17:47 +0100] [94432] [INFO] Listening at: http://0.0.0.0:8005 (94432)
[2024-12-27 12:17:47 +0100] [94432] [INFO] Using worker: sync
[2024-12-27 12:17:47 +0100] [94433] [INFO] Booting worker with pid: 94433
[2024-12-27 12:18:17 +0100] [94432] [CRITICAL] WORKER TIMEOUT (pid:94433)
[2024-12-27 12:18:18 +0100] [94432] [WARNING] Worker with pid 94433 was terminated due to signal 9
[2024-12-27 12:18:18 +0100] [94529] [INFO] Booting worker with pid: 94529
[2024-12-27 12:18:48 +0100] [94432] [CRITICAL] WORKER TIMEOUT (pid:94529)
[2024-12-27 12:18:49 +0100] [94432] [WARNING] Worker with pid 94529 was terminated due to signal 9
[2024-12-27 12:18:49 +0100] [94637] [INFO] Booting worker with pid: 94637
[2024-12-27 12:18:57 +0100] [94432] [INFO] Handling signal: int
[2024-12-27 12:19:14 +0100] [94637] [INFO] Worker exiting (pid: 94637)
[2024-12-27 12:19:14 +0100] [94432] [INFO] Shutting down: Master
[2024-12-27 12:21:20 +0100] [95296] [INFO] Starting gunicorn 20.1.0
[2024-12-27 12:21:20 +0100] [95296] [INFO] Listening at: http://0.0.0.0:8005 (95296)
[2024-12-27 12:21:20 +0100] [95296] [INFO] Using worker: sync
[2024-12-27 12:21:20 +0100] [95297] [INFO] Booting worker with pid: 95297
[2024-12-27 12:21:50 +0100] [95296] [CRITICAL] WORKER TIMEOUT (pid:95297)
[2024-12-27 12:21:51 +0100] [95296] [WARNING] Worker with pid 95297 was terminated due to signal 9
[2024-12-27 12:21:51 +0100] [95409] [INFO] Booting worker with pid: 95409
[2024-12-27 12:22:21 +0100] [95296] [CRITICAL] WORKER TIMEOUT (pid:95409)
[2024-12-27 12:22:22 +0100] [95296] [WARNING] Worker with pid 95409 was terminated due to signal 9
[2024-12-27 12:22:22 +0100] [95499] [INFO] Booting worker with pid: 95499
[2024-12-27 12:22:52 +0100] [95296] [CRITICAL] WORKER TIMEOUT (pid:95499)
[2024-12-27 12:22:53 +0100] [95296] [WARNING] Worker with pid 95499 was terminated due to signal 9
[2024-12-27 12:22:53 +0100] [95605] [INFO] Booting worker with pid: 95605
[2024-12-27 12:23:23 +0100] [95296] [CRITICAL] WORKER TIMEOUT (pid:95605)
[2024-12-27 12:23:24 +0100] [95296] [WARNING] Worker with pid 95605 was terminated due to signal 9
[2024-12-27 12:23:24 +0100] [95755] [INFO] Booting worker with pid: 95755
[2024-12-27 12:23:54 +0100] [95296] [CRITICAL] WORKER TIMEOUT (pid:95755)
[2024-12-27 12:23:55 +0100] [95296] [WARNING] Worker with pid 95755 was terminated due to signal 9
[2024-12-27 12:23:55 +0100] [95874] [INFO] Booting worker with pid: 95874
[2024-12-27 12:24:26 +0100] [95296] [CRITICAL] WORKER TIMEOUT (pid:95874)
[2024-12-27 12:24:26 +0100] [95296] [INFO] Handling signal: int
[2024-12-27 12:24:26 +0100] [95296] [WARNING] Worker with pid 95874 was terminated due to signal 9
[2024-12-27 12:24:26 +0100] [95296] [INFO] Shutting down: Master
[2024-12-27 12:38:19 +0100] [1411] [INFO] Starting gunicorn 20.1.0
[2024-12-27 12:38:19 +0100] [1411] [INFO] Listening at: http://0.0.0.0:8005 (1411)
[2024-12-27 12:38:19 +0100] [1411] [INFO] Using worker: sync
[2024-12-27 12:38:19 +0100] [1412] [INFO] Booting worker with pid: 1412
[2024-12-27 12:38:49 +0100] [1411] [CRITICAL] WORKER TIMEOUT (pid:1412)
[2024-12-27 12:38:50 +0100] [1411] [WARNING] Worker with pid 1412 was terminated due to signal 9
[2024-12-27 12:38:50 +0100] [1512] [INFO] Booting worker with pid: 1512
[2024-12-27 12:39:20 +0100] [1411] [CRITICAL] WORKER TIMEOUT (pid:1512)
[2024-12-27 12:39:21 +0100] [1411] [WARNING] Worker with pid 1512 was terminated due to signal 9
[2024-12-27 12:39:21 +0100] [1660] [INFO] Booting worker with pid: 1660
[2024-12-27 12:39:30 +0100] [1411] [INFO] Handling signal: int
[2024-12-27 12:39:34 +0100] [1660] [INFO] Worker exiting (pid: 1660)
[2024-12-27 12:39:35 +0100] [1411] [INFO] Shutting down: Master
[2024-12-27 12:41:54 +0100] [3385] [INFO] Starting gunicorn 20.1.0
[2024-12-27 12:41:54 +0100] [3385] [INFO] Listening at: http://0.0.0.0:8005 (3385)
[2024-12-27 12:41:54 +0100] [3385] [INFO] Using worker: sync
[2024-12-27 12:41:54 +0100] [3386] [INFO] Booting worker with pid: 3386
[2024-12-27 12:42:24 +0100] [3385] [CRITICAL] WORKER TIMEOUT (pid:3386)
[2024-12-27 12:42:25 +0100] [3385] [WARNING] Worker with pid 3386 was terminated due to signal 9
[2024-12-27 12:42:25 +0100] [3491] [INFO] Booting worker with pid: 3491
[2024-12-27 12:42:30 +0100] [3385] [INFO] Handling signal: int
[2024-12-27 12:42:33 +0100] [3491] [INFO] Worker exiting (pid: 3491)
[2024-12-27 12:42:34 +0100] [3385] [INFO] Shutting down: Master
[2024-12-27 12:44:44 +0100] [4231] [INFO] Starting gunicorn 20.1.0
[2024-12-27 12:44:44 +0100] [4231] [INFO] Listening at: http://0.0.0.0:8005 (4231)
[2024-12-27 12:44:44 +0100] [4231] [INFO] Using worker: sync
[2024-12-27 12:44:44 +0100] [4233] [INFO] Booting worker with pid: 4233
[2024-12-27 12:45:14 +0100] [4231] [CRITICAL] WORKER TIMEOUT (pid:4233)
[2024-12-27 12:45:15 +0100] [4231] [WARNING] Worker with pid 4233 was terminated due to signal 9
[2024-12-27 12:45:15 +0100] [4378] [INFO] Booting worker with pid: 4378
[2024-12-27 12:45:23 +0100] [4231] [INFO] Handling signal: int
[2024-12-27 12:45:47 +0100] [4378] [INFO] Worker exiting (pid: 4378)
[2024-12-27 12:45:47 +0100] [4231] [INFO] Shutting down: Master
[2024-12-27 12:45:56 +0100] [4588] [INFO] Starting gunicorn 20.1.0
[2024-12-27 12:45:56 +0100] [4588] [INFO] Listening at: http://0.0.0.0:8005 (4588)
[2024-12-27 12:45:56 +0100] [4588] [INFO] Using worker: sync
[2024-12-27 12:45:56 +0100] [4605] [INFO] Booting worker with pid: 4605
[2024-12-27 12:46:27 +0100] [4588] [CRITICAL] WORKER TIMEOUT (pid:4605)
[2024-12-27 12:46:28 +0100] [4588] [WARNING] Worker with pid 4605 was terminated due to signal 9
[2024-12-27 12:46:28 +0100] [4731] [INFO] Booting worker with pid: 4731
[2024-12-27 12:46:58 +0100] [4588] [CRITICAL] WORKER TIMEOUT (pid:4731)
[2024-12-27 12:46:59 +0100] [4588] [WARNING] Worker with pid 4731 was terminated due to signal 9
[2024-12-27 12:46:59 +0100] [4824] [INFO] Booting worker with pid: 4824
[2024-12-27 12:47:08 +0100] [4588] [INFO] Handling signal: int
[2024-12-27 12:47:29 +0100] [4824] [INFO] Worker exiting (pid: 4824)
[2024-12-27 12:47:29 +0100] [4588] [INFO] Shutting down: Master
[2024-12-27 12:48:24 +0100] [5214] [INFO] Starting gunicorn 20.1.0
[2024-12-27 12:48:24 +0100] [5214] [INFO] Listening at: http://0.0.0.0:8005 (5214)
[2024-12-27 12:48:24 +0100] [5214] [INFO] Using worker: sync
[2024-12-27 12:48:24 +0100] [5215] [INFO] Booting worker with pid: 5215
[2024-12-27 12:48:54 +0100] [5214] [CRITICAL] WORKER TIMEOUT (pid:5215)
[2024-12-27 12:48:55 +0100] [5214] [WARNING] Worker with pid 5215 was terminated due to signal 9
[2024-12-27 12:48:55 +0100] [5337] [INFO] Booting worker with pid: 5337
[2024-12-27 12:49:25 +0100] [5214] [CRITICAL] WORKER TIMEOUT (pid:5337)
[2024-12-27 12:49:26 +0100] [5214] [WARNING] Worker with pid 5337 was terminated due to signal 9
[2024-12-27 12:49:26 +0100] [5489] [INFO] Booting worker with pid: 5489
[2024-12-27 12:49:56 +0100] [5214] [CRITICAL] WORKER TIMEOUT (pid:5489)
[2024-12-27 12:49:57 +0100] [5214] [WARNING] Worker with pid 5489 was terminated due to signal 9
[2024-12-27 12:49:57 +0100] [5601] [INFO] Booting worker with pid: 5601
[2024-12-27 12:50:03 +0100] [5214] [INFO] Handling signal: int
[2024-12-27 12:50:33 +0100] [5214] [WARNING] Worker with pid 5601 was terminated due to signal 9
[2024-12-27 12:50:33 +0100] [5214] [INFO] Shutting down: Master
[2024-12-27 12:50:46 +0100] [5829] [INFO] Starting gunicorn 20.1.0
[2024-12-27 12:50:46 +0100] [5829] [INFO] Listening at: http://0.0.0.0:8005 (5829)
[2024-12-27 12:50:46 +0100] [5829] [INFO] Using worker: sync
[2024-12-27 12:50:46 +0100] [5833] [INFO] Booting worker with pid: 5833
[2024-12-27 12:51:17 +0100] [5829] [CRITICAL] WORKER TIMEOUT (pid:5833)
[2024-12-27 12:51:18 +0100] [5829] [WARNING] Worker with pid 5833 was terminated due to signal 9
[2024-12-27 12:51:18 +0100] [5976] [INFO] Booting worker with pid: 5976
[2024-12-27 12:51:48 +0100] [5829] [CRITICAL] WORKER TIMEOUT (pid:5976)
[2024-12-27 12:51:49 +0100] [5829] [WARNING] Worker with pid 5976 was terminated due to signal 9
[2024-12-27 12:51:49 +0100] [6084] [INFO] Booting worker with pid: 6084
[2024-12-27 12:52:19 +0100] [5829] [CRITICAL] WORKER TIMEOUT (pid:6084)
[2024-12-27 12:52:20 +0100] [5829] [WARNING] Worker with pid 6084 was terminated due to signal 9
[2024-12-27 12:52:20 +0100] [6191] [INFO] Booting worker with pid: 6191
[2024-12-27 12:52:50 +0100] [5829] [CRITICAL] WORKER TIMEOUT (pid:6191)
[2024-12-27 12:52:51 +0100] [5829] [WARNING] Worker with pid 6191 was terminated due to signal 9
[2024-12-27 12:52:51 +0100] [6305] [INFO] Booting worker with pid: 6305
[2024-12-27 12:53:21 +0100] [5829] [CRITICAL] WORKER TIMEOUT (pid:6305)
[2024-12-27 12:53:22 +0100] [5829] [WARNING] Worker with pid 6305 was terminated due to signal 9
[2024-12-27 12:53:22 +0100] [6437] [INFO] Booting worker with pid: 6437
[2024-12-27 12:53:52 +0100] [5829] [CRITICAL] WORKER TIMEOUT (pid:6437)
[2024-12-27 12:53:53 +0100] [5829] [WARNING] Worker with pid 6437 was terminated due to signal 9
[2024-12-27 12:53:53 +0100] [6543] [INFO] Booting worker with pid: 6543
[2024-12-27 12:53:56 +0100] [5829] [INFO] Handling signal: int
[2024-12-27 12:54:26 +0100] [5829] [WARNING] Worker with pid 6543 was terminated due to signal 9
[2024-12-27 12:54:26 +0100] [5829] [INFO] Shutting down: Master
